This file contains any messages produced by compilers while
running configure, to aid debugging if configure makes a mistake.

It was created by lspider configure 0.1, which was
generated by GNU Autoconf 2.69.  Invocation command line was

  $ ./configure --with-libevent-include=/home/lichuang/libevent/include/ --with-libevent-libdir=/home/lichuang/libevent/lib/ --with-mongo-client-include=/home/lichuang/mongo-client/include/ --with-mongo-client-libdir=/home/lichuang/mongo-client/lib/ --with-thrift-include=/home/lichuang/thrift/include/ --with-thrift-libdir=/home/lichuang/thrift/lib/

## --------- ##
## Platform. ##
## --------- ##

hostname = AY14052122251194985eZ
uname -m = x86_64
uname -r = 2.6.32-431.20.3.el6.x86_64
uname -s = Linux
uname -v = #1 SMP Thu Jun 19 21:14:45 UTC 2014

/usr/bin/uname -p = unknown
/bin/uname -X     = unknown

/bin/arch              = x86_64
/usr/bin/arch -k       = unknown
/usr/convex/getsysinfo = unknown
/usr/bin/hostinfo      = unknown
/bin/machine           = unknown
/usr/bin/oslevel       = unknown
/bin/universe          = unknown

PATH: /usr/local/bin
PATH: /bin
PATH: /usr/bin
PATH: /usr/local/sbin
PATH: /usr/sbin
PATH: /sbin
PATH: /home/lichuang/bin


## ----------- ##
## Core tests. ##
## ----------- ##

configure:2513: checking for a BSD-compatible install
configure:2581: result: /usr/bin/install -c
configure:2592: checking whether build environment is sane
configure:2647: result: yes
configure:2798: checking for a thread-safe mkdir -p
configure:2837: result: /bin/mkdir -p
configure:2844: checking for gawk
configure:2860: found /bin/gawk
configure:2871: result: gawk
configure:2882: checking whether make sets $(MAKE)
configure:2904: result: yes
configure:2933: checking whether make supports nested variables
configure:2950: result: yes
configure:3089: checking for g++
configure:3105: found /usr/bin/g++
configure:3116: result: g++
configure:3143: checking for C++ compiler version
configure:3152: g++ --version >&5
g++ (GCC) 4.4.7 20120313 (Red Hat 4.4.7-11)
Copyright (C) 2010 Free Software Foundation, Inc.
This is free software; see the source for copying conditions.  There is NO
warranty; not even for MERCHANTABILITY or FITNESS FOR A PARTICULAR PURPOSE.

configure:3163: $? = 0
configure:3152: g++ -v >&5
Using built-in specs.
Target: x86_64-redhat-linux
Configured with: ../configure --prefix=/usr --mandir=/usr/share/man --infodir=/usr/share/info --with-bugurl=http://bugzilla.redhat.com/bugzilla --enable-bootstrap --enable-shared --enable-threads=posix --enable-checking=release --with-system-zlib --enable-__cxa_atexit --disable-libunwind-exceptions --enable-gnu-unique-object --enable-languages=c,c++,objc,obj-c++,java,fortran,ada --enable-java-awt=gtk --disable-dssi --with-java-home=/usr/lib/jvm/java-1.5.0-gcj-1.5.0.0/jre --enable-libgcj-multifile --enable-java-maintainer-mode --with-ecj-jar=/usr/share/java/eclipse-ecj.jar --disable-libjava-multilib --with-ppl --with-cloog --with-tune=generic --with-arch_32=i686 --build=x86_64-redhat-linux
Thread model: posix
gcc version 4.4.7 20120313 (Red Hat 4.4.7-11) (GCC) 
configure:3163: $? = 0
configure:3152: g++ -V >&5
g++: '-V' option must have argument
configure:3163: $? = 1
configure:3152: g++ -qversion >&5
g++: unrecognized option '-qversion'
g++: no input files
configure:3163: $? = 1
configure:3183: checking whether the C++ compiler works
configure:3205: g++    conftest.cpp  >&5
configure:3209: $? = 0
configure:3257: result: yes
configure:3260: checking for C++ compiler default output file name
configure:3262: result: a.out
configure:3268: checking for suffix of executables
configure:3275: g++ -o conftest    conftest.cpp  >&5
configure:3279: $? = 0
configure:3301: result: 
configure:3323: checking whether we are cross compiling
configure:3331: g++ -o conftest    conftest.cpp  >&5
configure:3335: $? = 0
configure:3342: ./conftest
configure:3346: $? = 0
configure:3361: result: no
configure:3366: checking for suffix of object files
configure:3388: g++ -c   conftest.cpp >&5
configure:3392: $? = 0
configure:3413: result: o
configure:3417: checking whether we are using the GNU C++ compiler
configure:3436: g++ -c   conftest.cpp >&5
configure:3436: $? = 0
configure:3445: result: yes
configure:3454: checking whether g++ accepts -g
configure:3474: g++ -c -g  conftest.cpp >&5
configure:3474: $? = 0
configure:3515: result: yes
configure:3549: checking for style of include used by make
configure:3577: result: GNU
configure:3603: checking dependency style of g++
configure:3714: result: gcc3
configure:3777: checking for gcc
configure:3793: found /usr/bin/gcc
configure:3804: result: gcc
configure:4033: checking for C compiler version
configure:4042: gcc --version >&5
gcc (GCC) 4.4.7 20120313 (Red Hat 4.4.7-11)
Copyright (C) 2010 Free Software Foundation, Inc.
This is free software; see the source for copying conditions.  There is NO
warranty; not even for MERCHANTABILITY or FITNESS FOR A PARTICULAR PURPOSE.

configure:4053: $? = 0
configure:4042: gcc -v >&5
Using built-in specs.
Target: x86_64-redhat-linux
Configured with: ../configure --prefix=/usr --mandir=/usr/share/man --infodir=/usr/share/info --with-bugurl=http://bugzilla.redhat.com/bugzilla --enable-bootstrap --enable-shared --enable-threads=posix --enable-checking=release --with-system-zlib --enable-__cxa_atexit --disable-libunwind-exceptions --enable-gnu-unique-object --enable-languages=c,c++,objc,obj-c++,java,fortran,ada --enable-java-awt=gtk --disable-dssi --with-java-home=/usr/lib/jvm/java-1.5.0-gcj-1.5.0.0/jre --enable-libgcj-multifile --enable-java-maintainer-mode --with-ecj-jar=/usr/share/java/eclipse-ecj.jar --disable-libjava-multilib --with-ppl --with-cloog --with-tune=generic --with-arch_32=i686 --build=x86_64-redhat-linux
Thread model: posix
gcc version 4.4.7 20120313 (Red Hat 4.4.7-11) (GCC) 
configure:4053: $? = 0
configure:4042: gcc -V >&5
gcc: '-V' option must have argument
configure:4053: $? = 1
configure:4042: gcc -qversion >&5
gcc: unrecognized option '-qversion'
gcc: no input files
configure:4053: $? = 1
configure:4057: checking whether we are using the GNU C compiler
configure:4076: gcc -c   conftest.c >&5
configure:4076: $? = 0
configure:4085: result: yes
configure:4094: checking whether gcc accepts -g
configure:4114: gcc -c -g  conftest.c >&5
configure:4114: $? = 0
configure:4155: result: yes
configure:4172: checking for gcc option to accept ISO C89
configure:4235: gcc  -c -g -O2  conftest.c >&5
configure:4235: $? = 0
configure:4248: result: none needed
configure:4270: checking dependency style of gcc
configure:4381: result: gcc3
configure:4682: checking build system type
configure:4696: result: x86_64-unknown-linux-gnu
configure:4716: checking host system type
configure:4729: result: x86_64-unknown-linux-gnu
configure:4798: checking for boostlib >= 1.20.0
configure:4881: g++ -c -g -O2  -I/usr/include conftest.cpp >&5
configure:4881: $? = 0
configure:4883: result: yes
configure:5114: checking how to run the C preprocessor
configure:5145: gcc -E  conftest.c
configure:5145: $? = 0
configure:5159: gcc -E  conftest.c
conftest.c:12:28: error: ac_nonexistent.h: No such file or directory
configure:5159: $? = 1
configure: failed program was:
| /* confdefs.h */
| #define PACKAGE_NAME "lspider"
| #define PACKAGE_TARNAME "lspider"
| #define PACKAGE_VERSION "0.1"
| #define PACKAGE_STRING "lspider 0.1"
| #define PACKAGE_BUGREPORT "whlichuang@126.com"
| #define PACKAGE_URL ""
| #define PACKAGE "lspider"
| #define VERSION "0.1"
| #define HAVE_BOOST /**/
| /* end confdefs.h.  */
| #include <ac_nonexistent.h>
configure:5184: result: gcc -E
configure:5204: gcc -E  conftest.c
configure:5204: $? = 0
configure:5218: gcc -E  conftest.c
conftest.c:12:28: error: ac_nonexistent.h: No such file or directory
configure:5218: $? = 1
configure: failed program was:
| /* confdefs.h */
| #define PACKAGE_NAME "lspider"
| #define PACKAGE_TARNAME "lspider"
| #define PACKAGE_VERSION "0.1"
| #define PACKAGE_STRING "lspider 0.1"
| #define PACKAGE_BUGREPORT "whlichuang@126.com"
| #define PACKAGE_URL ""
| #define PACKAGE "lspider"
| #define VERSION "0.1"
| #define HAVE_BOOST /**/
| /* end confdefs.h.  */
| #include <ac_nonexistent.h>
configure:5247: checking for grep that handles long lines and -e
configure:5305: result: /bin/grep
configure:5310: checking for egrep
configure:5372: result: /bin/grep -E
configure:5377: checking for ANSI C header files
configure:5397: gcc -c -g -O2  conftest.c >&5
configure:5397: $? = 0
configure:5470: gcc -o conftest -g -O2   conftest.c  >&5
configure:5470: $? = 0
configure:5470: ./conftest
configure:5470: $? = 0
configure:5481: result: yes
configure:5494: checking for sys/types.h
configure:5494: gcc -c -g -O2  conftest.c >&5
configure:5494: $? = 0
configure:5494: result: yes
configure:5494: checking for sys/stat.h
configure:5494: gcc -c -g -O2  conftest.c >&5
configure:5494: $? = 0
configure:5494: result: yes
configure:5494: checking for stdlib.h
configure:5494: gcc -c -g -O2  conftest.c >&5
configure:5494: $? = 0
configure:5494: result: yes
configure:5494: checking for string.h
configure:5494: gcc -c -g -O2  conftest.c >&5
configure:5494: $? = 0
configure:5494: result: yes
configure:5494: checking for memory.h
configure:5494: gcc -c -g -O2  conftest.c >&5
configure:5494: $? = 0
configure:5494: result: yes
configure:5494: checking for strings.h
configure:5494: gcc -c -g -O2  conftest.c >&5
configure:5494: $? = 0
configure:5494: result: yes
configure:5494: checking for inttypes.h
configure:5494: gcc -c -g -O2  conftest.c >&5
configure:5494: $? = 0
configure:5494: result: yes
configure:5494: checking for stdint.h
configure:5494: gcc -c -g -O2  conftest.c >&5
configure:5494: $? = 0
configure:5494: result: yes
configure:5494: checking for unistd.h
configure:5494: gcc -c -g -O2  conftest.c >&5
configure:5494: $? = 0
configure:5494: result: yes
configure:5509: checking arpa/inet.h usability
configure:5509: gcc -c -g -O2  conftest.c >&5
configure:5509: $? = 0
configure:5509: result: yes
configure:5509: checking arpa/inet.h presence
configure:5509: gcc -E  conftest.c
configure:5509: $? = 0
configure:5509: result: yes
configure:5509: checking for arpa/inet.h
configure:5509: result: yes
configure:5509: checking fcntl.h usability
configure:5509: gcc -c -g -O2  conftest.c >&5
configure:5509: $? = 0
configure:5509: result: yes
configure:5509: checking fcntl.h presence
configure:5509: gcc -E  conftest.c
configure:5509: $? = 0
configure:5509: result: yes
configure:5509: checking for fcntl.h
configure:5509: result: yes
configure:5509: checking netdb.h usability
configure:5509: gcc -c -g -O2  conftest.c >&5
configure:5509: $? = 0
configure:5509: result: yes
configure:5509: checking netdb.h presence
configure:5509: gcc -E  conftest.c
configure:5509: $? = 0
configure:5509: result: yes
configure:5509: checking for netdb.h
configure:5509: result: yes
configure:5509: checking netinet/in.h usability
configure:5509: gcc -c -g -O2  conftest.c >&5
configure:5509: $? = 0
configure:5509: result: yes
configure:5509: checking netinet/in.h presence
configure:5509: gcc -E  conftest.c
configure:5509: $? = 0
configure:5509: result: yes
configure:5509: checking for netinet/in.h
configure:5509: result: yes
configure:5509: checking for stdint.h
configure:5509: result: yes
configure:5509: checking for stdlib.h
configure:5509: result: yes
configure:5509: checking for string.h
configure:5509: result: yes
configure:5509: checking sys/socket.h usability
configure:5509: gcc -c -g -O2  conftest.c >&5
configure:5509: $? = 0
configure:5509: result: yes
configure:5509: checking sys/socket.h presence
configure:5509: gcc -E  conftest.c
configure:5509: $? = 0
configure:5509: result: yes
configure:5509: checking for sys/socket.h
configure:5509: result: yes
configure:5509: checking sys/time.h usability
configure:5509: gcc -c -g -O2  conftest.c >&5
configure:5509: $? = 0
configure:5509: result: yes
configure:5509: checking sys/time.h presence
configure:5509: gcc -E  conftest.c
configure:5509: $? = 0
configure:5509: result: yes
configure:5509: checking for sys/time.h
configure:5509: result: yes
configure:5509: checking for unistd.h
configure:5509: result: yes
configure:5521: checking for stdbool.h that conforms to C99
configure:5588: gcc -c -g -O2  conftest.c >&5
configure:5588: $? = 0
configure:5595: result: yes
configure:5597: checking for _Bool
configure:5597: gcc -c -g -O2  conftest.c >&5
configure:5597: $? = 0
configure:5597: gcc -c -g -O2  conftest.c >&5
conftest.c: In function 'main':
conftest.c:68: error: expected expression before ')' token
configure:5597: $? = 1
configure: failed program was:
| /* confdefs.h */
| #define PACKAGE_NAME "lspider"
| #define PACKAGE_TARNAME "lspider"
| #define PACKAGE_VERSION "0.1"
| #define PACKAGE_STRING "lspider 0.1"
| #define PACKAGE_BUGREPORT "whlichuang@126.com"
| #define PACKAGE_URL ""
| #define PACKAGE "lspider"
| #define VERSION "0.1"
| #define HAVE_BOOST /**/
| #define STDC_HEADERS 1
| #define HAVE_SYS_TYPES_H 1
| #define HAVE_SYS_STAT_H 1
| #define HAVE_STDLIB_H 1
| #define HAVE_STRING_H 1
| #define HAVE_MEMORY_H 1
| #define HAVE_STRINGS_H 1
| #define HAVE_INTTYPES_H 1
| #define HAVE_STDINT_H 1
| #define HAVE_UNISTD_H 1
| #define HAVE_ARPA_INET_H 1
| #define HAVE_FCNTL_H 1
| #define HAVE_NETDB_H 1
| #define HAVE_NETINET_IN_H 1
| #define HAVE_STDINT_H 1
| #define HAVE_STDLIB_H 1
| #define HAVE_STRING_H 1
| #define HAVE_SYS_SOCKET_H 1
| #define HAVE_SYS_TIME_H 1
| #define HAVE_UNISTD_H 1
| /* end confdefs.h.  */
| #include <stdio.h>
| #ifdef HAVE_SYS_TYPES_H
| # include <sys/types.h>
| #endif
| #ifdef HAVE_SYS_STAT_H
| # include <sys/stat.h>
| #endif
| #ifdef STDC_HEADERS
| # include <stdlib.h>
| # include <stddef.h>
| #else
| # ifdef HAVE_STDLIB_H
| #  include <stdlib.h>
| # endif
| #endif
| #ifdef HAVE_STRING_H
| # if !defined STDC_HEADERS && defined HAVE_MEMORY_H
| #  include <memory.h>
| # endif
| # include <string.h>
| #endif
| #ifdef HAVE_STRINGS_H
| # include <strings.h>
| #endif
| #ifdef HAVE_INTTYPES_H
| # include <inttypes.h>
| #endif
| #ifdef HAVE_STDINT_H
| # include <stdint.h>
| #endif
| #ifdef HAVE_UNISTD_H
| # include <unistd.h>
| #endif
| int
| main ()
| {
| if (sizeof ((_Bool)))
| 	    return 0;
|   ;
|   return 0;
| }
configure:5597: result: yes
configure:5608: checking for inline
configure:5624: gcc -c -g -O2  conftest.c >&5
configure:5624: $? = 0
configure:5632: result: inline
configure:5650: checking for int16_t
configure:5650: gcc -c -g -O2  conftest.c >&5
configure:5650: $? = 0
configure:5650: gcc -c -g -O2  conftest.c >&5
conftest.c: In function 'main':
conftest.c:71: error: size of array 'test_array' is negative
configure:5650: $? = 1
configure: failed program was:
| /* confdefs.h */
| #define PACKAGE_NAME "lspider"
| #define PACKAGE_TARNAME "lspider"
| #define PACKAGE_VERSION "0.1"
| #define PACKAGE_STRING "lspider 0.1"
| #define PACKAGE_BUGREPORT "whlichuang@126.com"
| #define PACKAGE_URL ""
| #define PACKAGE "lspider"
| #define VERSION "0.1"
| #define HAVE_BOOST /**/
| #define STDC_HEADERS 1
| #define HAVE_SYS_TYPES_H 1
| #define HAVE_SYS_STAT_H 1
| #define HAVE_STDLIB_H 1
| #define HAVE_STRING_H 1
| #define HAVE_MEMORY_H 1
| #define HAVE_STRINGS_H 1
| #define HAVE_INTTYPES_H 1
| #define HAVE_STDINT_H 1
| #define HAVE_UNISTD_H 1
| #define HAVE_ARPA_INET_H 1
| #define HAVE_FCNTL_H 1
| #define HAVE_NETDB_H 1
| #define HAVE_NETINET_IN_H 1
| #define HAVE_STDINT_H 1
| #define HAVE_STDLIB_H 1
| #define HAVE_STRING_H 1
| #define HAVE_SYS_SOCKET_H 1
| #define HAVE_SYS_TIME_H 1
| #define HAVE_UNISTD_H 1
| #define HAVE__BOOL 1
| /* end confdefs.h.  */
| #include <stdio.h>
| #ifdef HAVE_SYS_TYPES_H
| # include <sys/types.h>
| #endif
| #ifdef HAVE_SYS_STAT_H
| # include <sys/stat.h>
| #endif
| #ifdef STDC_HEADERS
| # include <stdlib.h>
| # include <stddef.h>
| #else
| # ifdef HAVE_STDLIB_H
| #  include <stdlib.h>
| # endif
| #endif
| #ifdef HAVE_STRING_H
| # if !defined STDC_HEADERS && defined HAVE_MEMORY_H
| #  include <memory.h>
| # endif
| # include <string.h>
| #endif
| #ifdef HAVE_STRINGS_H
| # include <strings.h>
| #endif
| #ifdef HAVE_INTTYPES_H
| # include <inttypes.h>
| #endif
| #ifdef HAVE_STDINT_H
| # include <stdint.h>
| #endif
| #ifdef HAVE_UNISTD_H
| # include <unistd.h>
| #endif
| 	        enum { N = 16 / 2 - 1 };
| int
| main ()
| {
| static int test_array [1 - 2 * !((int16_t) (((((int16_t) 1 << N) << N) - 1) * 2 + 1)
| 		 < (int16_t) (((((int16_t) 1 << N) << N) - 1) * 2 + 2))];
| test_array [0] = 0;
| return test_array [0];
| 
|   ;
|   return 0;
| }
configure:5650: result: yes
configure:5661: checking for int32_t
configure:5661: gcc -c -g -O2  conftest.c >&5
configure:5661: $? = 0
configure:5661: gcc -c -g -O2  conftest.c >&5
conftest.c: In function 'main':
conftest.c:71: warning: integer overflow in expression
conftest.c:71: error: size of array 'test_array' is negative
configure:5661: $? = 1
configure: failed program was:
| /* confdefs.h */
| #define PACKAGE_NAME "lspider"
| #define PACKAGE_TARNAME "lspider"
| #define PACKAGE_VERSION "0.1"
| #define PACKAGE_STRING "lspider 0.1"
| #define PACKAGE_BUGREPORT "whlichuang@126.com"
| #define PACKAGE_URL ""
| #define PACKAGE "lspider"
| #define VERSION "0.1"
| #define HAVE_BOOST /**/
| #define STDC_HEADERS 1
| #define HAVE_SYS_TYPES_H 1
| #define HAVE_SYS_STAT_H 1
| #define HAVE_STDLIB_H 1
| #define HAVE_STRING_H 1
| #define HAVE_MEMORY_H 1
| #define HAVE_STRINGS_H 1
| #define HAVE_INTTYPES_H 1
| #define HAVE_STDINT_H 1
| #define HAVE_UNISTD_H 1
| #define HAVE_ARPA_INET_H 1
| #define HAVE_FCNTL_H 1
| #define HAVE_NETDB_H 1
| #define HAVE_NETINET_IN_H 1
| #define HAVE_STDINT_H 1
| #define HAVE_STDLIB_H 1
| #define HAVE_STRING_H 1
| #define HAVE_SYS_SOCKET_H 1
| #define HAVE_SYS_TIME_H 1
| #define HAVE_UNISTD_H 1
| #define HAVE__BOOL 1
| /* end confdefs.h.  */
| #include <stdio.h>
| #ifdef HAVE_SYS_TYPES_H
| # include <sys/types.h>
| #endif
| #ifdef HAVE_SYS_STAT_H
| # include <sys/stat.h>
| #endif
| #ifdef STDC_HEADERS
| # include <stdlib.h>
| # include <stddef.h>
| #else
| # ifdef HAVE_STDLIB_H
| #  include <stdlib.h>
| # endif
| #endif
| #ifdef HAVE_STRING_H
| # if !defined STDC_HEADERS && defined HAVE_MEMORY_H
| #  include <memory.h>
| # endif
| # include <string.h>
| #endif
| #ifdef HAVE_STRINGS_H
| # include <strings.h>
| #endif
| #ifdef HAVE_INTTYPES_H
| # include <inttypes.h>
| #endif
| #ifdef HAVE_STDINT_H
| # include <stdint.h>
| #endif
| #ifdef HAVE_UNISTD_H
| # include <unistd.h>
| #endif
| 	        enum { N = 32 / 2 - 1 };
| int
| main ()
| {
| static int test_array [1 - 2 * !((int32_t) (((((int32_t) 1 << N) << N) - 1) * 2 + 1)
| 		 < (int32_t) (((((int32_t) 1 << N) << N) - 1) * 2 + 2))];
| test_array [0] = 0;
| return test_array [0];
| 
|   ;
|   return 0;
| }
configure:5661: result: yes
configure:5672: checking for int64_t
configure:5672: gcc -c -g -O2  conftest.c >&5
configure:5672: $? = 0
configure:5672: gcc -c -g -O2  conftest.c >&5
conftest.c: In function 'main':
conftest.c:71: warning: integer overflow in expression
conftest.c:71: error: size of array 'test_array' is negative
configure:5672: $? = 1
configure: failed program was:
| /* confdefs.h */
| #define PACKAGE_NAME "lspider"
| #define PACKAGE_TARNAME "lspider"
| #define PACKAGE_VERSION "0.1"
| #define PACKAGE_STRING "lspider 0.1"
| #define PACKAGE_BUGREPORT "whlichuang@126.com"
| #define PACKAGE_URL ""
| #define PACKAGE "lspider"
| #define VERSION "0.1"
| #define HAVE_BOOST /**/
| #define STDC_HEADERS 1
| #define HAVE_SYS_TYPES_H 1
| #define HAVE_SYS_STAT_H 1
| #define HAVE_STDLIB_H 1
| #define HAVE_STRING_H 1
| #define HAVE_MEMORY_H 1
| #define HAVE_STRINGS_H 1
| #define HAVE_INTTYPES_H 1
| #define HAVE_STDINT_H 1
| #define HAVE_UNISTD_H 1
| #define HAVE_ARPA_INET_H 1
| #define HAVE_FCNTL_H 1
| #define HAVE_NETDB_H 1
| #define HAVE_NETINET_IN_H 1
| #define HAVE_STDINT_H 1
| #define HAVE_STDLIB_H 1
| #define HAVE_STRING_H 1
| #define HAVE_SYS_SOCKET_H 1
| #define HAVE_SYS_TIME_H 1
| #define HAVE_UNISTD_H 1
| #define HAVE__BOOL 1
| /* end confdefs.h.  */
| #include <stdio.h>
| #ifdef HAVE_SYS_TYPES_H
| # include <sys/types.h>
| #endif
| #ifdef HAVE_SYS_STAT_H
| # include <sys/stat.h>
| #endif
| #ifdef STDC_HEADERS
| # include <stdlib.h>
| # include <stddef.h>
| #else
| # ifdef HAVE_STDLIB_H
| #  include <stdlib.h>
| # endif
| #endif
| #ifdef HAVE_STRING_H
| # if !defined STDC_HEADERS && defined HAVE_MEMORY_H
| #  include <memory.h>
| # endif
| # include <string.h>
| #endif
| #ifdef HAVE_STRINGS_H
| # include <strings.h>
| #endif
| #ifdef HAVE_INTTYPES_H
| # include <inttypes.h>
| #endif
| #ifdef HAVE_STDINT_H
| # include <stdint.h>
| #endif
| #ifdef HAVE_UNISTD_H
| # include <unistd.h>
| #endif
| 	        enum { N = 64 / 2 - 1 };
| int
| main ()
| {
| static int test_array [1 - 2 * !((int64_t) (((((int64_t) 1 << N) << N) - 1) * 2 + 1)
| 		 < (int64_t) (((((int64_t) 1 << N) << N) - 1) * 2 + 2))];
| test_array [0] = 0;
| return test_array [0];
| 
|   ;
|   return 0;
| }
configure:5672: result: yes
configure:5683: checking for size_t
configure:5683: gcc -c -g -O2  conftest.c >&5
configure:5683: $? = 0
configure:5683: gcc -c -g -O2  conftest.c >&5
conftest.c: In function 'main':
conftest.c:69: error: expected expression before ')' token
configure:5683: $? = 1
configure: failed program was:
| /* confdefs.h */
| #define PACKAGE_NAME "lspider"
| #define PACKAGE_TARNAME "lspider"
| #define PACKAGE_VERSION "0.1"
| #define PACKAGE_STRING "lspider 0.1"
| #define PACKAGE_BUGREPORT "whlichuang@126.com"
| #define PACKAGE_URL ""
| #define PACKAGE "lspider"
| #define VERSION "0.1"
| #define HAVE_BOOST /**/
| #define STDC_HEADERS 1
| #define HAVE_SYS_TYPES_H 1
| #define HAVE_SYS_STAT_H 1
| #define HAVE_STDLIB_H 1
| #define HAVE_STRING_H 1
| #define HAVE_MEMORY_H 1
| #define HAVE_STRINGS_H 1
| #define HAVE_INTTYPES_H 1
| #define HAVE_STDINT_H 1
| #define HAVE_UNISTD_H 1
| #define HAVE_ARPA_INET_H 1
| #define HAVE_FCNTL_H 1
| #define HAVE_NETDB_H 1
| #define HAVE_NETINET_IN_H 1
| #define HAVE_STDINT_H 1
| #define HAVE_STDLIB_H 1
| #define HAVE_STRING_H 1
| #define HAVE_SYS_SOCKET_H 1
| #define HAVE_SYS_TIME_H 1
| #define HAVE_UNISTD_H 1
| #define HAVE__BOOL 1
| /* end confdefs.h.  */
| #include <stdio.h>
| #ifdef HAVE_SYS_TYPES_H
| # include <sys/types.h>
| #endif
| #ifdef HAVE_SYS_STAT_H
| # include <sys/stat.h>
| #endif
| #ifdef STDC_HEADERS
| # include <stdlib.h>
| # include <stddef.h>
| #else
| # ifdef HAVE_STDLIB_H
| #  include <stdlib.h>
| # endif
| #endif
| #ifdef HAVE_STRING_H
| # if !defined STDC_HEADERS && defined HAVE_MEMORY_H
| #  include <memory.h>
| # endif
| # include <string.h>
| #endif
| #ifdef HAVE_STRINGS_H
| # include <strings.h>
| #endif
| #ifdef HAVE_INTTYPES_H
| # include <inttypes.h>
| #endif
| #ifdef HAVE_STDINT_H
| # include <stdint.h>
| #endif
| #ifdef HAVE_UNISTD_H
| # include <unistd.h>
| #endif
| int
| main ()
| {
| if (sizeof ((size_t)))
| 	    return 0;
|   ;
|   return 0;
| }
configure:5683: result: yes
configure:5694: checking for uint32_t
configure:5694: gcc -c -g -O2  conftest.c >&5
configure:5694: $? = 0
configure:5694: result: yes
configure:5708: checking for uint64_t
configure:5708: gcc -c -g -O2  conftest.c >&5
configure:5708: $? = 0
configure:5708: result: yes
configure:5722: checking for uint8_t
configure:5722: gcc -c -g -O2  conftest.c >&5
configure:5722: $? = 0
configure:5722: result: yes
configure:5740: checking for stdlib.h
configure:5740: result: yes
configure:5750: checking for GNU libc compatible malloc
configure:5774: gcc -o conftest -g -O2   conftest.c  >&5
configure:5774: $? = 0
configure:5774: ./conftest
configure:5774: $? = 0
configure:5784: result: yes
configure:5808: checking for bzero
configure:5808: gcc -o conftest -g -O2   conftest.c  >&5
conftest.c:58: warning: conflicting types for built-in function 'bzero'
configure:5808: $? = 0
configure:5808: result: yes
configure:5808: checking for gettimeofday
configure:5808: gcc -o conftest -g -O2   conftest.c  >&5
configure:5808: $? = 0
configure:5808: result: yes
configure:5808: checking for memset
configure:5808: gcc -o conftest -g -O2   conftest.c  >&5
conftest.c:60: warning: conflicting types for built-in function 'memset'
configure:5808: $? = 0
configure:5808: result: yes
configure:5808: checking for select
configure:5808: gcc -o conftest -g -O2   conftest.c  >&5
configure:5808: $? = 0
configure:5808: result: yes
configure:5808: checking for socket
configure:5808: gcc -o conftest -g -O2   conftest.c  >&5
configure:5808: $? = 0
configure:5808: result: yes
configure:5808: checking for strchr
configure:5808: gcc -o conftest -g -O2   conftest.c  >&5
conftest.c:63: warning: conflicting types for built-in function 'strchr'
configure:5808: $? = 0
configure:5808: result: yes
configure:5808: checking for strcspn
configure:5808: gcc -o conftest -g -O2   conftest.c  >&5
conftest.c:64: warning: conflicting types for built-in function 'strcspn'
configure:5808: $? = 0
configure:5808: result: yes
configure:5808: checking for strerror
configure:5808: gcc -o conftest -g -O2   conftest.c  >&5
configure:5808: $? = 0
configure:5808: result: yes
configure:5808: checking for strncasecmp
configure:5808: gcc -o conftest -g -O2   conftest.c  >&5
conftest.c:66: warning: conflicting types for built-in function 'strncasecmp'
configure:5808: $? = 0
configure:5808: result: yes
configure:5929: checking that generated files are newer than configure
configure:5935: result: done
configure:5962: creating ./config.status

## ---------------------- ##
## Running config.status. ##
## ---------------------- ##

This file was extended by lspider config.status 0.1, which was
generated by GNU Autoconf 2.69.  Invocation command line was

  CONFIG_FILES    = 
  CONFIG_HEADERS  = 
  CONFIG_LINKS    = 
  CONFIG_COMMANDS = 
  $ ./config.status 

on AY14052122251194985eZ

config.status:901: creating Makefile
config.status:901: creating config.h
config.status:1082: config.h is unchanged
config.status:1130: executing depfiles commands

## ---------------- ##
## Cache variables. ##
## ---------------- ##

ac_cv_build=x86_64-unknown-linux-gnu
ac_cv_c_compiler_gnu=yes
ac_cv_c_inline=inline
ac_cv_c_int16_t=yes
ac_cv_c_int32_t=yes
ac_cv_c_int64_t=yes
ac_cv_c_uint32_t=yes
ac_cv_c_uint64_t=yes
ac_cv_c_uint8_t=yes
ac_cv_cxx_compiler_gnu=yes
ac_cv_env_CCC_set=
ac_cv_env_CCC_value=
ac_cv_env_CC_set=
ac_cv_env_CC_value=
ac_cv_env_CFLAGS_set=
ac_cv_env_CFLAGS_value=
ac_cv_env_CPPFLAGS_set=
ac_cv_env_CPPFLAGS_value=
ac_cv_env_CPP_set=
ac_cv_env_CPP_value=
ac_cv_env_CXXFLAGS_set=
ac_cv_env_CXXFLAGS_value=
ac_cv_env_CXX_set=
ac_cv_env_CXX_value=
ac_cv_env_LDFLAGS_set=
ac_cv_env_LDFLAGS_value=
ac_cv_env_LIBS_set=
ac_cv_env_LIBS_value=
ac_cv_env_build_alias_set=
ac_cv_env_build_alias_value=
ac_cv_env_host_alias_set=
ac_cv_env_host_alias_value=
ac_cv_env_target_alias_set=
ac_cv_env_target_alias_value=
ac_cv_func_bzero=yes
ac_cv_func_gettimeofday=yes
ac_cv_func_malloc_0_nonnull=yes
ac_cv_func_memset=yes
ac_cv_func_select=yes
ac_cv_func_socket=yes
ac_cv_func_strchr=yes
ac_cv_func_strcspn=yes
ac_cv_func_strerror=yes
ac_cv_func_strncasecmp=yes
ac_cv_header_arpa_inet_h=yes
ac_cv_header_fcntl_h=yes
ac_cv_header_inttypes_h=yes
ac_cv_header_memory_h=yes
ac_cv_header_netdb_h=yes
ac_cv_header_netinet_in_h=yes
ac_cv_header_stdbool_h=yes
ac_cv_header_stdc=yes
ac_cv_header_stdint_h=yes
ac_cv_header_stdlib_h=yes
ac_cv_header_string_h=yes
ac_cv_header_strings_h=yes
ac_cv_header_sys_socket_h=yes
ac_cv_header_sys_stat_h=yes
ac_cv_header_sys_time_h=yes
ac_cv_header_sys_types_h=yes
ac_cv_header_unistd_h=yes
ac_cv_host=x86_64-unknown-linux-gnu
ac_cv_objext=o
ac_cv_path_EGREP='/bin/grep -E'
ac_cv_path_GREP=/bin/grep
ac_cv_path_install='/usr/bin/install -c'
ac_cv_path_mkdir=/bin/mkdir
ac_cv_prog_AWK=gawk
ac_cv_prog_CPP='gcc -E'
ac_cv_prog_ac_ct_CC=gcc
ac_cv_prog_ac_ct_CXX=g++
ac_cv_prog_cc_c89=
ac_cv_prog_cc_g=yes
ac_cv_prog_cxx_g=yes
ac_cv_prog_make_make_set=yes
ac_cv_type__Bool=yes
ac_cv_type_size_t=yes
am_cv_CC_dependencies_compiler_type=gcc3
am_cv_CXX_dependencies_compiler_type=gcc3
am_cv_make_support_nested_variables=yes

## ----------------- ##
## Output variables. ##
## ----------------- ##

ACLOCAL='${SHELL} /home/lichuang/setups/lspider/missing aclocal-1.13'
AMDEPBACKSLASH='\'
AMDEP_FALSE='#'
AMDEP_TRUE=''
AMTAR='$${TAR-tar}'
AM_BACKSLASH='\'
AM_DEFAULT_V='$(AM_DEFAULT_VERBOSITY)'
AM_DEFAULT_VERBOSITY='1'
AM_V='$(V)'
AUTOCONF='${SHELL} /home/lichuang/setups/lspider/missing autoconf'
AUTOHEADER='${SHELL} /home/lichuang/setups/lspider/missing autoheader'
AUTOMAKE='${SHELL} /home/lichuang/setups/lspider/missing automake-1.13'
AWK='gawk'
BOOST_CPPFLAGS='-I/usr/include'
BOOST_LDFLAGS='-L/usr/lib64'
CC='gcc'
CCDEPMODE='depmode=gcc3'
CFLAGS='-g -O2'
CPP='gcc -E'
CPPFLAGS=''
CXX='g++'
CXXDEPMODE='depmode=gcc3'
CXXFLAGS='-g -O2'
CYGPATH_W='echo'
DEFS='-DHAVE_CONFIG_H'
DEPDIR='.deps'
ECHO_C=''
ECHO_N='-n'
ECHO_T=''
EGREP='/bin/grep -E'
EXEEXT=''
GREP='/bin/grep'
INSTALL_DATA='${INSTALL} -m 644'
INSTALL_PROGRAM='${INSTALL}'
INSTALL_SCRIPT='${INSTALL}'
INSTALL_STRIP_PROGRAM='$(install_sh) -c -s'
LDFLAGS=''
LIBEVENT_CPPFLAGS='-I/home/lichuang/libevent/include/'
LIBEVENT_LDFLAGS='-L/home/lichuang/libevent/lib/'
LIBOBJS=''
LIBS=''
LOG4CPLUS_CPPFLAGS='-I/usr/include/'
LOG4CPLUS_LDFLAGS='-L/usr/lib64/'
LTLIBOBJS=''
MAKEINFO='${SHELL} /home/lichuang/setups/lspider/missing makeinfo'
MKDIR_P='/bin/mkdir -p'
MONGO_CLIENT_CPPFLAGS='-I/home/lichuang/mongo-client/include/'
MONGO_CLIENT_LDFLAGS='-L/home/lichuang/mongo-client/lib/'
OBJEXT='o'
PACKAGE='lspider'
PACKAGE_BUGREPORT='whlichuang@126.com'
PACKAGE_NAME='lspider'
PACKAGE_STRING='lspider 0.1'
PACKAGE_TARNAME='lspider'
PACKAGE_URL=''
PACKAGE_VERSION='0.1'
PATH_SEPARATOR=':'
QT_CPPFLAGS='-I/usr/include/qt5/'
QT_LDFLAGS='-L/usr/lib64/'
SET_MAKE=''
SHELL='/bin/sh'
STRIP=''
THRIFT_CPPFLAGS='-I/home/lichuang/thrift/include/'
THRIFT_LDFLAGS='-L/home/lichuang/thrift/lib/'
VERSION='0.1'
ac_ct_CC='gcc'
ac_ct_CXX='g++'
am__EXEEXT_FALSE=''
am__EXEEXT_TRUE='#'
am__fastdepCC_FALSE='#'
am__fastdepCC_TRUE=''
am__fastdepCXX_FALSE='#'
am__fastdepCXX_TRUE=''
am__include='include'
am__isrc=''
am__leading_dot='.'
am__nodep='_no'
am__quote=''
am__tar='$${TAR-tar} chof - "$$tardir"'
am__untar='$${TAR-tar} xf -'
bindir='${exec_prefix}/bin'
build='x86_64-unknown-linux-gnu'
build_alias=''
build_cpu='x86_64'
build_os='linux-gnu'
build_vendor='unknown'
datadir='${datarootdir}'
datarootdir='${prefix}/share'
docdir='${datarootdir}/doc/${PACKAGE_TARNAME}'
dvidir='${docdir}'
exec_prefix='${prefix}'
host='x86_64-unknown-linux-gnu'
host_alias=''
host_cpu='x86_64'
host_os='linux-gnu'
host_vendor='unknown'
htmldir='${docdir}'
includedir='${prefix}/include'
infodir='${datarootdir}/info'
install_sh='${SHELL} /home/lichuang/setups/lspider/install-sh'
libdir='${exec_prefix}/lib'
libexecdir='${exec_prefix}/libexec'
localedir='${datarootdir}/locale'
localstatedir='${prefix}/var'
mandir='${datarootdir}/man'
mkdir_p='$(MKDIR_P)'
oldincludedir='/usr/include'
pdfdir='${docdir}'
prefix='/usr/local'
program_transform_name='s,x,x,'
psdir='${docdir}'
sbindir='${exec_prefix}/sbin'
sharedstatedir='${prefix}/com'
sysconfdir='${prefix}/etc'
target_alias=''

## ----------- ##
## confdefs.h. ##
## ----------- ##

/* confdefs.h */
#define PACKAGE_NAME "lspider"
#define PACKAGE_TARNAME "lspider"
#define PACKAGE_VERSION "0.1"
#define PACKAGE_STRING "lspider 0.1"
#define PACKAGE_BUGREPORT "whlichuang@126.com"
#define PACKAGE_URL ""
#define PACKAGE "lspider"
#define VERSION "0.1"
#define HAVE_BOOST /**/
#define STDC_HEADERS 1
#define HAVE_SYS_TYPES_H 1
#define HAVE_SYS_STAT_H 1
#define HAVE_STDLIB_H 1
#define HAVE_STRING_H 1
#define HAVE_MEMORY_H 1
#define HAVE_STRINGS_H 1
#define HAVE_INTTYPES_H 1
#define HAVE_STDINT_H 1
#define HAVE_UNISTD_H 1
#define HAVE_ARPA_INET_H 1
#define HAVE_FCNTL_H 1
#define HAVE_NETDB_H 1
#define HAVE_NETINET_IN_H 1
#define HAVE_STDINT_H 1
#define HAVE_STDLIB_H 1
#define HAVE_STRING_H 1
#define HAVE_SYS_SOCKET_H 1
#define HAVE_SYS_TIME_H 1
#define HAVE_UNISTD_H 1
#define HAVE__BOOL 1
#define HAVE_STDLIB_H 1
#define HAVE_MALLOC 1
#define HAVE_BZERO 1
#define HAVE_GETTIMEOFDAY 1
#define HAVE_MEMSET 1
#define HAVE_SELECT 1
#define HAVE_SOCKET 1
#define HAVE_STRCHR 1
#define HAVE_STRCSPN 1
#define HAVE_STRERROR 1
#define HAVE_STRNCASECMP 1

configure: exit 0

## ---------------------- ##
## Running config.status. ##
## ---------------------- ##

This file was extended by lspider config.status 0.1, which was
generated by GNU Autoconf 2.69.  Invocation command line was

  CONFIG_FILES    = 
  CONFIG_HEADERS  = 
  CONFIG_LINKS    = 
  CONFIG_COMMANDS = 
  $ ./config.status config.h

on AY14052122251194985eZ

config.status:901: creating config.h
config.status:1082: config.h is unchanged
